{"contracts/ConvertLib.sol":{"l":{"6":1},"path":"/home/vanessa/Projects/fhirHash/contracts/ConvertLib.sol","s":{"1":1},"b":{},"f":{"1":1},"fnMap":{"1":{"name":"convert","line":4,"loc":{"start":{"line":4,"column":1},"end":{"line":5,"column":2}}}},"statementMap":{"1":{"start":{"line":6,"column":2},"end":{"line":6,"column":32}}},"branchMap":{}},"contracts/FhirSignatures.sol":{"l":{"19":1,"27":0,"28":0,"36":0,"41":1,"62":4,"63":3,"74":0,"75":0,"81":2,"86":7,"94":2,"95":2,"96":0,"98":2,"99":4,"100":1,"101":1,"104":1,"109":0,"111":0,"112":0,"114":0},"path":"/home/vanessa/Projects/fhirHash/contracts/FhirSignatures.sol","s":{"1":1,"2":0,"3":0,"4":1,"5":4,"6":3,"7":0,"8":0,"9":2,"10":7,"11":2,"12":2,"13":0,"14":2,"15":4,"16":1,"17":1,"18":1,"19":0,"20":0,"21":0,"22":0},"b":{"1":[0,0],"2":[3,1],"3":[0,0],"4":[0,2],"5":[1,3]},"f":{"1":1,"2":0,"3":0,"4":1,"5":4,"6":0,"7":2,"8":7,"9":2,"10":0},"fnMap":{"1":{"name":"FhirSignatures","line":18,"loc":{"start":{"line":18,"column":4},"end":{"line":18,"column":27}}},"2":{"name":"owner_only","line":26,"loc":{"start":{"line":26,"column":4},"end":{"line":26,"column":23}}},"3":{"name":"terminate","line":35,"loc":{"start":{"line":35,"column":4},"end":{"line":35,"column":33}}},"4":{"name":"getOwner","line":40,"loc":{"start":{"line":40,"column":4},"end":{"line":40,"column":48}}},"5":{"name":"storeSignature","line":59,"loc":{"start":{"line":59,"column":4},"end":{"line":59,"column":54}}},"6":{"name":"storeSignature","line":73,"loc":{"start":{"line":73,"column":4},"end":{"line":73,"column":54}}},"7":{"name":"checkSignature","line":80,"loc":{"start":{"line":80,"column":4},"end":{"line":80,"column":78}}},"8":{"name":"isPresent","line":85,"loc":{"start":{"line":85,"column":4},"end":{"line":85,"column":56}}},"9":{"name":"bytesEqual","line":93,"loc":{"start":{"line":93,"column":4},"end":{"line":93,"column":78}}},"10":{"name":"bytes32ToBytes","line":108,"loc":{"start":{"line":108,"column":4},"end":{"line":108,"column":58}}}},"statementMap":{"1":{"start":{"line":19,"column":8},"end":{"line":19,"column":25}},"2":{"start":{"line":27,"column":8},"end":{"line":27,"column":741}},"3":{"start":{"line":36,"column":8},"end":{"line":36,"column":26}},"4":{"start":{"line":41,"column":8},"end":{"line":41,"column":20}},"5":{"start":{"line":62,"column":8},"end":{"line":62,"column":2074}},"6":{"start":{"line":63,"column":12},"end":{"line":63,"column":38}},"7":{"start":{"line":74,"column":8},"end":{"line":74,"column":2425}},"8":{"start":{"line":75,"column":12},"end":{"line":75,"column":61}},"9":{"start":{"line":81,"column":8},"end":{"line":81,"column":53}},"10":{"start":{"line":86,"column":8},"end":{"line":86,"column":42}},"11":{"start":{"line":94,"column":8},"end":{"line":94,"column":27}},"12":{"start":{"line":95,"column":8},"end":{"line":95,"column":3120}},"13":{"start":{"line":96,"column":8},"end":{"line":96,"column":20}},"14":{"start":{"line":98,"column":8},"end":{"line":98,"column":3165}},"15":{"start":{"line":99,"column":12},"end":{"line":99,"column":3220}},"16":{"start":{"line":100,"column":16},"end":{"line":100,"column":31}},"17":{"start":{"line":101,"column":16},"end":{"line":101,"column":28}},"18":{"start":{"line":104,"column":8},"end":{"line":104,"column":19}},"19":{"start":{"line":109,"column":8},"end":{"line":109,"column":37}},"20":{"start":{"line":111,"column":8},"end":{"line":111,"column":3526}},"21":{"start":{"line":112,"column":12},"end":{"line":112,"column":30}},"22":{"start":{"line":114,"column":8},"end":{"line":114,"column":14}}},"branchMap":{"1":{"line":27,"type":"if","locations":[{"start":{"line":27,"column":8},"end":{"line":27,"column":8}},{"start":{"line":27,"column":8},"end":{"line":27,"column":8}}]},"2":{"line":62,"type":"if","locations":[{"start":{"line":62,"column":8},"end":{"line":62,"column":8}},{"start":{"line":62,"column":8},"end":{"line":62,"column":8}}]},"3":{"line":74,"type":"if","locations":[{"start":{"line":74,"column":8},"end":{"line":74,"column":8}},{"start":{"line":74,"column":8},"end":{"line":74,"column":8}}]},"4":{"line":95,"type":"if","locations":[{"start":{"line":95,"column":8},"end":{"line":95,"column":8}},{"start":{"line":95,"column":8},"end":{"line":95,"column":8}}]},"5":{"line":99,"type":"if","locations":[{"start":{"line":99,"column":12},"end":{"line":99,"column":12}},{"start":{"line":99,"column":12},"end":{"line":99,"column":12}}]}}},"contracts/MetaCoin.sol":{"l":{"16":2,"20":1,"21":1,"22":1,"23":1,"24":1,"28":1,"32":9},"path":"/home/vanessa/Projects/fhirHash/contracts/MetaCoin.sol","s":{"1":2,"2":1,"3":0,"4":1,"5":1,"6":1,"7":1,"8":1,"9":9},"b":{"1":[0,1]},"f":{"1":2,"2":1,"3":1,"4":9},"fnMap":{"1":{"name":"MetaCoin","line":15,"loc":{"start":{"line":15,"column":1},"end":{"line":15,"column":21}}},"2":{"name":"sendCoin","line":19,"loc":{"start":{"line":19,"column":1},"end":{"line":19,"column":75}}},"3":{"name":"getBalanceInEth","line":27,"loc":{"start":{"line":27,"column":1},"end":{"line":27,"column":53}}},"4":{"name":"getBalance","line":31,"loc":{"start":{"line":31,"column":1},"end":{"line":31,"column":49}}}},"statementMap":{"1":{"start":{"line":16,"column":2},"end":{"line":16,"column":28}},"2":{"start":{"line":20,"column":2},"end":{"line":20,"column":49}},"3":{"start":{"line":20,"column":37},"end":{"line":20,"column":49}},"4":{"start":{"line":21,"column":2},"end":{"line":21,"column":31}},"5":{"start":{"line":22,"column":2},"end":{"line":22,"column":29}},"6":{"start":{"line":23,"column":2},"end":{"line":23,"column":39}},"7":{"start":{"line":24,"column":2},"end":{"line":24,"column":13}},"8":{"start":{"line":28,"column":2},"end":{"line":28,"column":47}},"9":{"start":{"line":32,"column":2},"end":{"line":32,"column":23}}},"branchMap":{"1":{"line":20,"type":"if","locations":[{"start":{"line":20,"column":2},"end":{"line":20,"column":2}},{"start":{"line":20,"column":2},"end":{"line":20,"column":2}}]}}},"contracts/ProofOfExistence3.sol":{"l":{"7":0,"11":0,"12":0,"16":0,"20":0,"21":0,"25":0},"path":"/home/vanessa/Projects/fhirHash/contracts/ProofOfExistence3.sol","s":{"1":0,"2":0,"3":0,"4":0,"5":0,"6":0,"7":0},"b":{},"f":{"1":0,"2":0,"3":0,"4":0,"5":0},"fnMap":{"1":{"name":"storeProof","line":6,"loc":{"start":{"line":6,"column":2},"end":{"line":6,"column":36}}},"2":{"name":"notarize","line":10,"loc":{"start":{"line":10,"column":2},"end":{"line":10,"column":36}}},"3":{"name":"calculateProof","line":15,"loc":{"start":{"line":15,"column":2},"end":{"line":15,"column":69}}},"4":{"name":"checkDocument","line":19,"loc":{"start":{"line":19,"column":2},"end":{"line":19,"column":65}}},"5":{"name":"hasProof","line":24,"loc":{"start":{"line":24,"column":2},"end":{"line":24,"column":57}}}},"statementMap":{"1":{"start":{"line":7,"column":4},"end":{"line":7,"column":23}},"2":{"start":{"line":11,"column":4},"end":{"line":11,"column":40}},"3":{"start":{"line":12,"column":4},"end":{"line":12,"column":20}},"4":{"start":{"line":16,"column":4},"end":{"line":16,"column":27}},"5":{"start":{"line":20,"column":4},"end":{"line":20,"column":40}},"6":{"start":{"line":21,"column":4},"end":{"line":21,"column":26}},"7":{"start":{"line":25,"column":4},"end":{"line":25,"column":24}}},"branchMap":{}}}